d:\file exchange\energy_harvesting_in_iot_v12\wsn_energy_harvesting_workspace\src\simulation\zigbee\debug\vc142.pdb
d:\file exchange\energy_harvesting_in_iot_v12\wsn_energy_harvesting_workspace\src\simulation\zigbee\debug\vc142.idb
d:\file exchange\energy_harvesting_in_iot_v12\wsn_energy_harvesting_workspace\src\simulation\zigbee\debug\unslottedcsmaca.obj
d:\file exchange\energy_harvesting_in_iot_v12\wsn_energy_harvesting_workspace\src\simulation\zigbee\debug\superframe.obj
d:\file exchange\energy_harvesting_in_iot_v12\wsn_energy_harvesting_workspace\src\simulation\zigbee\debug\slottedcsmaca.obj
d:\file exchange\energy_harvesting_in_iot_v12\wsn_energy_harvesting_workspace\src\simulation\zigbee\debug\sinrcalculation.obj
d:\file exchange\energy_harvesting_in_iot_v12\wsn_energy_harvesting_workspace\src\simulation\zigbee\debug\locatebackoffboundary.obj
d:\file exchange\energy_harvesting_in_iot_v12\wsn_energy_harvesting_workspace\src\simulation\zigbee\debug\changeradiostate.obj
d:\file exchange\energy_harvesting_in_iot_v12\wsn_energy_harvesting_workspace\src\simulation\zigbee\debug\cca.obj
d:\file exchange\energy_harvesting_in_iot_v12\wsn_energy_harvesting_workspace\src\simulation\zigbee\debug\bercalculation.obj
d:\file exchange\energy_harvesting_in_iot_v12\wsn_energy_harvesting_workspace\src\simulation\zigbee\debug\backoffcalculation.obj
d:\file exchange\energy_harvesting_in_iot_v12\wsn_energy_harvesting_workspace\src\simulation\zigbee\debug\802_15_4.obj
d:\file exchange\energy_harvesting_in_iot_v12\wsn_energy_harvesting_workspace\src\simulation\zigbee\debug\zigbee.tlog\cl.command.1.tlog
d:\file exchange\energy_harvesting_in_iot_v12\wsn_energy_harvesting_workspace\src\simulation\zigbee\debug\zigbee.tlog\cl.read.1.tlog
d:\file exchange\energy_harvesting_in_iot_v12\wsn_energy_harvesting_workspace\src\simulation\zigbee\debug\zigbee.tlog\cl.write.1.tlog
d:\file exchange\energy_harvesting_in_iot_v12\wsn_energy_harvesting_workspace\src\simulation\zigbee\debug\zigbee.tlog\link.19032.read.1.tlog
d:\file exchange\energy_harvesting_in_iot_v12\wsn_energy_harvesting_workspace\src\simulation\zigbee\debug\zigbee.tlog\link.19032.write.1.tlog
d:\file exchange\energy_harvesting_in_iot_v12\wsn_energy_harvesting_workspace\src\simulation\zigbee\debug\zigbee.tlog\link.command.1.tlog
d:\file exchange\energy_harvesting_in_iot_v12\wsn_energy_harvesting_workspace\src\simulation\zigbee\debug\zigbee.tlog\link.read.1.tlog
d:\file exchange\energy_harvesting_in_iot_v12\wsn_energy_harvesting_workspace\src\simulation\zigbee\debug\zigbee.tlog\link.write.1.tlog
