d:\file exchange\energy_harvesting_in_iot_v12\wsn_energy_harvesting_workspace\src\simulation\zigbee\x64\debug\vc142.pdb
d:\file exchange\energy_harvesting_in_iot_v12\wsn_energy_harvesting_workspace\src\simulation\zigbee\x64\debug\vc142.idb
d:\file exchange\energy_harvesting_in_iot_v12\wsn_energy_harvesting_workspace\src\simulation\zigbee\x64\debug\unslottedcsmaca.obj
d:\file exchange\energy_harvesting_in_iot_v12\wsn_energy_harvesting_workspace\src\simulation\zigbee\x64\debug\superframe.obj
d:\file exchange\energy_harvesting_in_iot_v12\wsn_energy_harvesting_workspace\src\simulation\zigbee\x64\debug\slottedcsmaca.obj
d:\file exchange\energy_harvesting_in_iot_v12\wsn_energy_harvesting_workspace\src\simulation\zigbee\x64\debug\sinrcalculation.obj
d:\file exchange\energy_harvesting_in_iot_v12\wsn_energy_harvesting_workspace\src\simulation\zigbee\x64\debug\locatebackoffboundary.obj
d:\file exchange\energy_harvesting_in_iot_v12\wsn_energy_harvesting_workspace\src\simulation\zigbee\x64\debug\changeradiostate.obj
d:\file exchange\energy_harvesting_in_iot_v12\wsn_energy_harvesting_workspace\src\simulation\zigbee\x64\debug\cca.obj
d:\file exchange\energy_harvesting_in_iot_v12\wsn_energy_harvesting_workspace\src\simulation\zigbee\x64\debug\bercalculation.obj
d:\file exchange\energy_harvesting_in_iot_v12\wsn_energy_harvesting_workspace\src\simulation\zigbee\x64\debug\backoffcalculation.obj
d:\file exchange\energy_harvesting_in_iot_v12\wsn_energy_harvesting_workspace\src\simulation\zigbee\x64\debug\802_15_4.obj
d:\file exchange\energy_harvesting_in_iot_v12\wsn_energy_harvesting_workspace\bin\bin_x64\libzigbee.dll
d:\file exchange\energy_harvesting_in_iot_v12\wsn_energy_harvesting_workspace\bin\bin_x64\zigbee.pdb
d:\file exchange\energy_harvesting_in_iot_v12\wsn_energy_harvesting_workspace\bin\bin_x64\zigbee.lib
d:\file exchange\energy_harvesting_in_iot_v12\wsn_energy_harvesting_workspace\bin\bin_x64\zigbee.exp
d:\file exchange\energy_harvesting_in_iot_v12\wsn_energy_harvesting_workspace\src\simulation\zigbee\x64\debug\zigbee.tlog\cl.command.1.tlog
d:\file exchange\energy_harvesting_in_iot_v12\wsn_energy_harvesting_workspace\src\simulation\zigbee\x64\debug\zigbee.tlog\cl.read.1.tlog
d:\file exchange\energy_harvesting_in_iot_v12\wsn_energy_harvesting_workspace\src\simulation\zigbee\x64\debug\zigbee.tlog\cl.write.1.tlog
d:\file exchange\energy_harvesting_in_iot_v12\wsn_energy_harvesting_workspace\src\simulation\zigbee\x64\debug\zigbee.tlog\link.command.1.tlog
d:\file exchange\energy_harvesting_in_iot_v12\wsn_energy_harvesting_workspace\src\simulation\zigbee\x64\debug\zigbee.tlog\link.read.1.tlog
d:\file exchange\energy_harvesting_in_iot_v12\wsn_energy_harvesting_workspace\src\simulation\zigbee\x64\debug\zigbee.tlog\link.write.1.tlog
d:\file exchange\energy_harvesting_in_iot_v12\wsn_energy_harvesting_workspace\src\simulation\zigbee\x64\debug\zigbee.tlog\zigbee.write.1u.tlog
